2024-12-16 07:28:38.209 [http-nio-8082-exec-6] ERROR com.kaiyu.filter.AuthorizeFilter - token校验失败 : Request processing failed: java.lang.NullPointerException: Cannot invoke "com.kaiyu.domain.vo.StaffInfo.getStaffNum()" because "staffInfo" is null
2024-12-16 07:29:59.914 [http-nio-8082-exec-1] ERROR com.kaiyu.filter.AuthorizeFilter - token校验失败 : Request processing failed: java.lang.NullPointerException: Cannot invoke "com.kaiyu.domain.vo.BuildingInfo.getBuildingNum()" because "buildingInfo" is null
2024-12-16 07:33:14.417 [http-nio-8082-exec-2] ERROR com.kaiyu.filter.AuthorizeFilter - token校验失败 : Request processing failed: java.lang.NullPointerException: Cannot invoke "com.kaiyu.domain.vo.BuildingInfo.getBuildingNum()" because "buildingInfo" is null
2024-12-16 14:36:27.899 [http-nio-8082-exec-7] ERROR com.kaiyu.filter.AuthorizeFilter - token校验失败 : Request processing failed: java.lang.NullPointerException: Cannot invoke "org.springframework.data.redis.core.StringRedisTemplate.opsForValue()" because "this.stringRedisTemplate" is null
2024-12-16 14:36:27.949 [http-nio-8082-exec-9] ERROR com.kaiyu.filter.AuthorizeFilter - token校验失败 : Request processing failed: java.lang.NullPointerException: Cannot invoke "org.springframework.data.redis.core.StringRedisTemplate.opsForValue()" because "this.stringRedisTemplate" is null
2024-12-16 14:36:31.263 [http-nio-8082-exec-2] ERROR com.kaiyu.filter.AuthorizeFilter - token校验失败 : Request processing failed: java.lang.NullPointerException: Cannot invoke "org.springframework.data.redis.core.StringRedisTemplate.opsForValue()" because "this.stringRedisTemplate" is null
2024-12-16 14:37:04.967 [http-nio-8082-exec-3] ERROR com.kaiyu.filter.AuthorizeFilter - token校验失败 : Request processing failed: java.lang.NullPointerException: Cannot invoke "org.springframework.data.redis.core.StringRedisTemplate.opsForValue()" because "this.stringRedisTemplate" is null
2024-12-16 14:37:12.453 [http-nio-8082-exec-7] ERROR com.kaiyu.filter.AuthorizeFilter - token校验失败 : Request processing failed: java.lang.NullPointerException: Cannot invoke "org.springframework.data.redis.core.StringRedisTemplate.opsForValue()" because "this.stringRedisTemplate" is null
2024-12-16 14:37:21.845 [http-nio-8082-exec-8] ERROR com.kaiyu.filter.AuthorizeFilter - token校验失败 : Request processing failed: java.lang.NullPointerException: Cannot invoke "org.springframework.data.redis.core.StringRedisTemplate.opsForValue()" because "this.stringRedisTemplate" is null
2024-12-16 14:39:42.333 [http-nio-8082-exec-1] ERROR com.kaiyu.filter.AuthorizeFilter - token校验失败 : Request processing failed: java.lang.NullPointerException: Cannot invoke "org.springframework.data.redis.core.StringRedisTemplate.opsForValue()" because "this.stringRedisTemplate" is null
2024-12-16 14:39:50.161 [http-nio-8082-exec-6] ERROR com.kaiyu.filter.AuthorizeFilter - token校验失败 : Request processing failed: java.lang.NullPointerException: Cannot invoke "org.springframework.data.redis.core.StringRedisTemplate.opsForValue()" because "this.stringRedisTemplate" is null
2024-12-16 15:05:30.547 [http-nio-8082-exec-3] ERROR com.kaiyu.filter.AuthorizeFilter - token校验失败 : Request processing failed: com.kaiyu.common.exceptions.CommonException: 保存楼栋树结构失败
2024-12-16 15:11:03.822 [http-nio-8082-exec-1] ERROR com.kaiyu.filter.AuthorizeFilter - token校验失败 : Request processing failed: org.springframework.jdbc.BadSqlGrammarException: 
### Error querying database.  Cause: java.sql.SQLSyntaxErrorException: You have an error in your SQL syntax; check the manual that corresponds to your MySQL server version for the right syntax to use near 'ON (room_num) * FROM building_info' at line 1
### The error may exist in com/kaiyu/mapper/BuildingMapper.java (best guess)
### The error may involve defaultParameterMap
### The error occurred while setting parameters
### SQL: SELECT DISTINCT ON (room_num) * FROM building_info
### Cause: java.sql.SQLSyntaxErrorException: You have an error in your SQL syntax; check the manual that corresponds to your MySQL server version for the right syntax to use near 'ON (room_num) * FROM building_info' at line 1
; bad SQL grammar []
