2024-12-25 07:37:57.276 [main] INFO  com.kaiyu.DormSeverApplication - Starting DormSeverApplication using Java 17.0.12 with PID 15084 (C:\Users\WANGKUNQI\Desktop\sys\dorm-server\target\classes started by WANGKUNQI in C:\Users\WANGKUNQI\Desktop\sys\dorm-server)
2024-12-25 07:37:57.286 [main] INFO  com.kaiyu.DormSeverApplication - The following 1 profile is active: "dev"
2024-12-25 07:37:57.978 [main] INFO  o.s.d.r.c.RepositoryConfigurationDelegate - Multiple Spring Data modules found, entering strict repository configuration mode
2024-12-25 07:37:57.982 [main] INFO  o.s.d.r.c.RepositoryConfigurationDelegate - Bootstrapping Spring Data Redis repositories in DEFAULT mode.
2024-12-25 07:37:58.026 [main] INFO  o.s.d.r.c.RepositoryConfigurationDelegate - Finished Spring Data repository scanning in 24 ms. Found 0 Redis repository interfaces.
2024-12-25 07:37:58.754 [main] INFO  o.s.b.w.e.tomcat.TomcatWebServer - Tomcat initialized with port(s): 8082 (http)
2024-12-25 07:37:58.766 [main] INFO  o.a.coyote.http11.Http11NioProtocol - Initializing ProtocolHandler ["http-nio-8082"]
2024-12-25 07:37:58.767 [main] INFO  o.a.catalina.core.StandardService - Starting service [Tomcat]
2024-12-25 07:37:58.768 [main] INFO  o.a.catalina.core.StandardEngine - Starting Servlet engine: [Apache Tomcat/10.1.5]
2024-12-25 07:37:58.869 [main] INFO  o.a.c.c.C.[Tomcat].[localhost].[/] - Initializing Spring embedded WebApplicationContext
2024-12-25 07:37:58.870 [main] INFO  o.s.b.w.s.c.ServletWebServerApplicationContext - Root WebApplicationContext: initialization completed in 1529 ms
2024-12-25 07:37:58.916 [main] INFO  com.kaiyu.filter.AuthorizeFilter - AuthorizeFilter initialization.......
2024-12-25 07:37:59.645 [main] WARN  c.b.m.c.injector.DefaultSqlInjector - class com.kaiyu.domain.vo.LeaveInfo ,Not found @TableId annotation, Cannot use Mybatis-Plus 'xxById' Method.
2024-12-25 07:38:00.164 [main] INFO  o.a.coyote.http11.Http11NioProtocol - Starting ProtocolHandler ["http-nio-8082"]
2024-12-25 07:38:00.191 [main] INFO  o.s.b.w.e.tomcat.TomcatWebServer - Tomcat started on port(s): 8082 (http) with context path ''
2024-12-25 07:38:00.200 [main] INFO  com.kaiyu.DormSeverApplication - Started DormSeverApplication in 3.296 seconds (process running for 3.554)
2024-12-25 07:38:21.319 [http-nio-8082-exec-4] INFO  o.a.c.c.C.[Tomcat].[localhost].[/] - Initializing Spring DispatcherServlet 'dispatcherServlet'
2024-12-25 07:38:21.320 [http-nio-8082-exec-4] INFO  o.s.web.servlet.DispatcherServlet - Initializing Servlet 'dispatcherServlet'
2024-12-25 07:38:21.322 [http-nio-8082-exec-4] INFO  o.s.web.servlet.DispatcherServlet - Completed initialization in 1 ms
2024-12-25 07:38:21.327 [http-nio-8082-exec-4] INFO  com.kaiyu.filter.AuthorizeFilter - 请求的uri为/admin/login
2024-12-25 07:38:21.428 [http-nio-8082-exec-4] INFO  com.zaxxer.hikari.HikariDataSource - HikariPool-1 - Starting...
2024-12-25 07:38:21.601 [http-nio-8082-exec-4] INFO  com.zaxxer.hikari.pool.HikariPool - HikariPool-1 - Added connection com.mysql.cj.jdbc.ConnectionImpl@7155d034
2024-12-25 07:38:21.602 [http-nio-8082-exec-4] INFO  com.zaxxer.hikari.HikariDataSource - HikariPool-1 - Start completed.
2024-12-25 07:38:21.826 [http-nio-8082-exec-1] INFO  com.kaiyu.filter.AuthorizeFilter - 请求的uri为/admin/get-async-routes
2024-12-25 07:38:21.841 [http-nio-8082-exec-1] INFO  com.kaiyu.filter.AuthorizeFilter - verifyToken: -1
2024-12-25 07:38:21.842 [http-nio-8082-exec-1] INFO  com.kaiyu.filter.AuthorizeFilter - admin -- adminName : admin
2024-12-25 07:38:21.847 [http-nio-8082-exec-1] INFO  com.kaiyu.filter.AuthorizeFilter - 请求结束 , 移除ThreadLocal中线程数据.....
2024-12-25 07:38:23.427 [http-nio-8082-exec-6] INFO  com.kaiyu.filter.AuthorizeFilter - 请求的uri为/building/list
2024-12-25 07:38:23.428 [http-nio-8082-exec-6] INFO  com.kaiyu.filter.AuthorizeFilter - verifyToken: -1
2024-12-25 07:38:23.428 [http-nio-8082-exec-6] INFO  com.kaiyu.filter.AuthorizeFilter - admin -- adminName : admin
2024-12-25 07:38:23.589 [http-nio-8082-exec-6] INFO  c.k.s.impl.BuildingInfoServiceImpl - resultPage:com.baomidou.mybatisplus.extension.plugins.pagination.Page@45bea234
2024-12-25 07:38:23.600 [http-nio-8082-exec-6] INFO  com.kaiyu.filter.AuthorizeFilter - 请求结束 , 移除ThreadLocal中线程数据.....
2024-12-25 07:38:27.082 [http-nio-8082-exec-2] INFO  com.kaiyu.filter.AuthorizeFilter - 请求的uri为/checkin/treeselect
2024-12-25 07:38:27.084 [http-nio-8082-exec-2] INFO  com.kaiyu.filter.AuthorizeFilter - verifyToken: -1
2024-12-25 07:38:27.085 [http-nio-8082-exec-2] INFO  com.kaiyu.filter.AuthorizeFilter - admin -- adminName : admin
2024-12-25 07:38:28.728 [http-nio-8082-exec-2] INFO  com.kaiyu.filter.AuthorizeFilter - 请求结束 , 移除ThreadLocal中线程数据.....
2024-12-25 07:38:29.592 [http-nio-8082-exec-5] INFO  com.kaiyu.filter.AuthorizeFilter - 请求的uri为/checkin/employeeListByBuilding
2024-12-25 07:38:29.594 [http-nio-8082-exec-5] INFO  com.kaiyu.filter.AuthorizeFilter - verifyToken: -1
2024-12-25 07:38:29.595 [http-nio-8082-exec-5] INFO  com.kaiyu.filter.AuthorizeFilter - admin -- adminName : admin
2024-12-25 07:38:29.645 [http-nio-8082-exec-5] INFO  c.k.service.impl.CheckInServiceImpl - resultPage: com.baomidou.mybatisplus.extension.plugins.pagination.Page@593d3b9c
2024-12-25 07:38:29.651 [http-nio-8082-exec-5] INFO  com.kaiyu.filter.AuthorizeFilter - 请求结束 , 移除ThreadLocal中线程数据.....
2024-12-25 07:38:29.657 [http-nio-8082-exec-3] INFO  com.kaiyu.filter.AuthorizeFilter - 请求的uri为/checkin/infoRest
2024-12-25 07:38:29.663 [http-nio-8082-exec-3] INFO  com.kaiyu.filter.AuthorizeFilter - verifyToken: -1
2024-12-25 07:38:29.664 [http-nio-8082-exec-3] INFO  com.kaiyu.filter.AuthorizeFilter - admin -- adminName : admin
2024-12-25 07:38:29.676 [http-nio-8082-exec-3] INFO  c.k.service.impl.CheckInServiceImpl - getBuildingRest 返回值: BuildingRest(lifeArea=北区, totalCapacity=265, totalOccupied=259, totalVacancy=6, occupancyRate=97.74)
2024-12-25 07:38:29.682 [http-nio-8082-exec-3] INFO  c.k.service.impl.CheckInServiceImpl - getBuildingInfoRest 返回值: BuildingInfoRest(building=北区D2栋, totalCapacity=265, totalOccupied=259, totalVacancy=6, occupancyRate=97.74)
2024-12-25 07:38:29.683 [http-nio-8082-exec-3] ERROR c.kaiyu.controller.CheckInController - 服务调用异常
java.lang.ArrayIndexOutOfBoundsException: Index 1 out of bounds for length 1
	at java.base/java.util.Arrays$ArrayList.get(Arrays.java:4165)
	at com.kaiyu.service.impl.CheckInServiceImpl.getFloorRest(CheckInServiceImpl.java:139)
	at java.base/jdk.internal.reflect.NativeMethodAccessorImpl.invoke0(Native Method)
	at java.base/jdk.internal.reflect.NativeMethodAccessorImpl.invoke(NativeMethodAccessorImpl.java:77)
	at java.base/jdk.internal.reflect.DelegatingMethodAccessorImpl.invoke(DelegatingMethodAccessorImpl.java:43)
	at java.base/java.lang.reflect.Method.invoke(Method.java:568)
	at org.springframework.aop.support.AopUtils.invokeJoinpointUsingReflection(AopUtils.java:343)
	at org.springframework.aop.framework.CglibAopProxy$DynamicAdvisedInterceptor.intercept(CglibAopProxy.java:699)
	at com.kaiyu.service.impl.CheckInServiceImpl$$SpringCGLIB$$0.getFloorRest(<generated>)
	at com.kaiyu.controller.CheckInController.infoRest(CheckInController.java:61)
	at java.base/jdk.internal.reflect.NativeMethodAccessorImpl.invoke0(Native Method)
	at java.base/jdk.internal.reflect.NativeMethodAccessorImpl.invoke(NativeMethodAccessorImpl.java:77)
	at java.base/jdk.internal.reflect.DelegatingMethodAccessorImpl.invoke(DelegatingMethodAccessorImpl.java:43)
	at java.base/java.lang.reflect.Method.invoke(Method.java:568)
	at org.springframework.web.method.support.InvocableHandlerMethod.doInvoke(InvocableHandlerMethod.java:207)
	at org.springframework.web.method.support.InvocableHandlerMethod.invokeForRequest(InvocableHandlerMethod.java:152)
	at org.springframework.web.servlet.mvc.method.annotation.ServletInvocableHandlerMethod.invokeAndHandle(ServletInvocableHandlerMethod.java:117)
	at org.springframework.web.servlet.mvc.method.annotation.RequestMappingHandlerAdapter.invokeHandlerMethod(RequestMappingHandlerAdapter.java:884)
	at org.springframework.web.servlet.mvc.method.annotation.RequestMappingHandlerAdapter.handleInternal(RequestMappingHandlerAdapter.java:797)
	at org.springframework.web.servlet.mvc.method.AbstractHandlerMethodAdapter.handle(AbstractHandlerMethodAdapter.java:87)
	at org.springframework.web.servlet.DispatcherServlet.doDispatch(DispatcherServlet.java:1080)
	at org.springframework.web.servlet.DispatcherServlet.doService(DispatcherServlet.java:973)
	at org.springframework.web.servlet.FrameworkServlet.processRequest(FrameworkServlet.java:1011)
	at org.springframework.web.servlet.FrameworkServlet.doPost(FrameworkServlet.java:914)
	at jakarta.servlet.http.HttpServlet.service(HttpServlet.java:731)
	at org.springframework.web.servlet.FrameworkServlet.service(FrameworkServlet.java:885)
	at jakarta.servlet.http.HttpServlet.service(HttpServlet.java:814)
	at org.apache.catalina.core.ApplicationFilterChain.internalDoFilter(ApplicationFilterChain.java:223)
	at org.apache.catalina.core.ApplicationFilterChain.doFilter(ApplicationFilterChain.java:158)
	at org.apache.tomcat.websocket.server.WsFilter.doFilter(WsFilter.java:53)
	at org.apache.catalina.core.ApplicationFilterChain.internalDoFilter(ApplicationFilterChain.java:185)
	at org.apache.catalina.core.ApplicationFilterChain.doFilter(ApplicationFilterChain.java:158)
	at com.kaiyu.filter.AuthorizeFilter.doFilter(AuthorizeFilter.java:97)
	at org.apache.catalina.core.ApplicationFilterChain.internalDoFilter(ApplicationFilterChain.java:185)
	at org.apache.catalina.core.ApplicationFilterChain.doFilter(ApplicationFilterChain.java:158)
	at com.kaiyu.filter.CorsFilter.doFilterInternal(CorsFilter.java:25)
	at org.springframework.web.filter.OncePerRequestFilter.doFilter(OncePerRequestFilter.java:116)
	at org.apache.catalina.core.ApplicationFilterChain.internalDoFilter(ApplicationFilterChain.java:185)
	at org.apache.catalina.core.ApplicationFilterChain.doFilter(ApplicationFilterChain.java:158)
	at org.springframework.web.filter.RequestContextFilter.doFilterInternal(RequestContextFilter.java:100)
	at org.springframework.web.filter.OncePerRequestFilter.doFilter(OncePerRequestFilter.java:116)
	at org.apache.catalina.core.ApplicationFilterChain.internalDoFilter(ApplicationFilterChain.java:185)
	at org.apache.catalina.core.ApplicationFilterChain.doFilter(ApplicationFilterChain.java:158)
	at org.springframework.web.filter.FormContentFilter.doFilterInternal(FormContentFilter.java:93)
	at org.springframework.web.filter.OncePerRequestFilter.doFilter(OncePerRequestFilter.java:116)
	at org.apache.catalina.core.ApplicationFilterChain.internalDoFilter(ApplicationFilterChain.java:185)
	at org.apache.catalina.core.ApplicationFilterChain.doFilter(ApplicationFilterChain.java:158)
	at org.springframework.web.filter.CharacterEncodingFilter.doFilterInternal(CharacterEncodingFilter.java:201)
	at org.springframework.web.filter.OncePerRequestFilter.doFilter(OncePerRequestFilter.java:116)
	at org.apache.catalina.core.ApplicationFilterChain.internalDoFilter(ApplicationFilterChain.java:185)
	at org.apache.catalina.core.ApplicationFilterChain.doFilter(ApplicationFilterChain.java:158)
	at org.apache.catalina.core.StandardWrapperValve.invoke(StandardWrapperValve.java:177)
	at org.apache.catalina.core.StandardContextValve.invoke(StandardContextValve.java:97)
	at org.apache.catalina.authenticator.AuthenticatorBase.invoke(AuthenticatorBase.java:542)
	at org.apache.catalina.core.StandardHostValve.invoke(StandardHostValve.java:119)
	at org.apache.catalina.valves.ErrorReportValve.invoke(ErrorReportValve.java:92)
	at org.apache.catalina.core.StandardEngineValve.invoke(StandardEngineValve.java:78)
	at org.apache.catalina.connector.CoyoteAdapter.service(CoyoteAdapter.java:357)
	at org.apache.coyote.http11.Http11Processor.service(Http11Processor.java:400)
	at org.apache.coyote.AbstractProcessorLight.process(AbstractProcessorLight.java:65)
	at org.apache.coyote.AbstractProtocol$ConnectionHandler.process(AbstractProtocol.java:859)
	at org.apache.tomcat.util.net.NioEndpoint$SocketProcessor.doRun(NioEndpoint.java:1734)
	at org.apache.tomcat.util.net.SocketProcessorBase.run(SocketProcessorBase.java:52)
	at org.apache.tomcat.util.threads.ThreadPoolExecutor.runWorker(ThreadPoolExecutor.java:1191)
	at org.apache.tomcat.util.threads.ThreadPoolExecutor$Worker.run(ThreadPoolExecutor.java:659)
	at org.apache.tomcat.util.threads.TaskThread$WrappingRunnable.run(TaskThread.java:61)
	at java.base/java.lang.Thread.run(Thread.java:842)
2024-12-25 07:38:29.699 [http-nio-8082-exec-3] INFO  c.kaiyu.controller.CheckInController - 返回的 List 内容: [BuildingRest(lifeArea=北区, totalCapacity=265, totalOccupied=259, totalVacancy=6, occupancyRate=97.74), BuildingInfoRest(building=北区D2栋, totalCapacity=265, totalOccupied=259, totalVacancy=6, occupancyRate=97.74)]
2024-12-25 07:38:29.706 [http-nio-8082-exec-3] INFO  com.kaiyu.filter.AuthorizeFilter - 请求结束 , 移除ThreadLocal中线程数据.....
